[02-11 00:13:53]: [INFO] Created column 'regdate' and set the current timestamp, 1707628433484, to all 0 rows
[02-11 00:13:53]: [INFO] SQLite Setup finished
[02-11 00:13:53]: [INFO] No supported permissions system found! Permissions are disabled!
[02-11 00:13:53]: [INFO] Hooked successfully into Essentials
[02-11 00:13:53]: [INFO] Essentials spawn file not found: 'C:\Users\zytha\Desktop\EaglerServer\Survival\plugins\Essentials\spawn.yml'
[02-11 00:13:53]: [WARN] WARNING! The protectInventory feature requires ProtocolLib! Disabling it...
[02-11 00:13:53]: [INFO] AuthMe 5.6.0-beta2 build n.2453 successfully enabled!
[02-11 00:13:54]: [INFO] Downloading GEO IP database, because the old database is older than 30 days or doesn't exist
[02-11 00:13:54]: [WARN] No MaxMind credentials found in the configuration file! GeoIp protections will be disabled.
[02-11 00:13:54]: [INFO] There is no newer GEO IP database uploaded to MaxMind. Using the old one for now.
[02-11 00:13:54]: [WARN] Could not download GeoLiteAPI database [FileNotFoundException]: plugins\AuthMe\GeoLite2-Country.mmdb (The system cannot find the file specified)
[02-11 00:13:54]: java.io.FileNotFoundException: plugins\AuthMe\GeoLite2-Country.mmdb (The system cannot find the file specified)
	at java.base/java.io.RandomAccessFile.open0(Native Method)
	at java.base/java.io.RandomAccessFile.open(RandomAccessFile.java:345)
	at java.base/java.io.RandomAccessFile.<init>(RandomAccessFile.java:259)
	at java.base/java.io.RandomAccessFile.<init>(RandomAccessFile.java:214)
	at fr.xephi.authme.libs.com.maxmind.db.BufferHolder.<init>(BufferHolder.java:20)
	at fr.xephi.authme.libs.com.maxmind.db.Reader.<init>(Reader.java:121)
	at fr.xephi.authme.service.GeoIpService.startReading(GeoIpService.java:173)
	at fr.xephi.authme.service.GeoIpService.updateDatabase(GeoIpService.java:144)
	at org.bukkit.craftbukkit.v1_8_R3.scheduler.CraftTask.run(CraftTask.java:59)
	at org.bukkit.craftbukkit.v1_8_R3.scheduler.CraftAsyncTask.run(CraftAsyncTask.java:53)
	at org.github.paperspigot.ServerSchedulerReportingWrapper.run(ServerSchedulerReportingWrapper.java:23)
	at java.base/java.util.concurrent.ThreadPoolExecutor.runWorker(ThreadPoolExecutor.java:1128)
	at java.base/java.util.concurrent.ThreadPoolExecutor$Worker.run(ThreadPoolExecutor.java:628)
	at java.base/java.lang.Thread.run(Thread.java:829)

[02-11 00:13:59]: [INFO] AuthMe 5.6.0-beta2-b2453 disabled!
